2024-11-13 17:08:14 INFO  Utils:112 - [TestNG] Running:
  D:\javaseason\JenkinsTest\Master.xml

2024-11-13 17:08:15 INFO  BaseTest:90 - Setting up local WebDriver for browser: chrome
2024-11-13 17:08:23 INFO  BaseTest:105 - Local WebDriver initialized successfully.
2024-11-13 17:08:27 INFO  BaseTest:118 - Navigated to the application URL successfully.
2024-11-13 17:08:30 INFO  LoginTest:31 - Attempting to log in with username: reyaz0806 and password: reyaz123
2024-11-13 17:08:32 INFO  LoginTest:44 - Login successful for user: reyaz0806
2024-11-13 17:08:32 INFO  LoginTest:60 - Logout successful, returned to expected title: Adactin.com - Logout
2024-11-13 17:08:32 WARN  WebSocketHandler:142 - onError
java.net.SocketException: Connection reset
	at java.base/sun.nio.ch.SocketChannelImpl.throwConnectionReset(SocketChannelImpl.java:401) ~[?:?]
	at java.base/sun.nio.ch.SocketChannelImpl.read(SocketChannelImpl.java:434) ~[?:?]
	at io.netty.buffer.PooledByteBuf.setBytes(PooledByteBuf.java:254) ~[netty-buffer-4.1.96.Final.jar:4.1.96.Final]
	at io.netty.buffer.AbstractByteBuf.writeBytes(AbstractByteBuf.java:1132) ~[netty-buffer-4.1.96.Final.jar:4.1.96.Final]
	at io.netty.channel.socket.nio.NioSocketChannel.doReadBytes(NioSocketChannel.java:357) ~[netty-transport-4.1.96.Final.jar:4.1.96.Final]
	at io.netty.channel.nio.AbstractNioByteChannel$NioByteUnsafe.read(AbstractNioByteChannel.java:151) ~[netty-transport-4.1.96.Final.jar:4.1.96.Final]
	at io.netty.channel.nio.NioEventLoop.processSelectedKey(NioEventLoop.java:788) ~[netty-transport-4.1.96.Final.jar:4.1.96.Final]
	at io.netty.channel.nio.NioEventLoop.processSelectedKeysOptimized(NioEventLoop.java:724) ~[netty-transport-4.1.96.Final.jar:4.1.96.Final]
	at io.netty.channel.nio.NioEventLoop.processSelectedKeys(NioEventLoop.java:650) ~[netty-transport-4.1.96.Final.jar:4.1.96.Final]
	at io.netty.channel.nio.NioEventLoop.run(NioEventLoop.java:562) ~[netty-transport-4.1.96.Final.jar:4.1.96.Final]
	at io.netty.util.concurrent.SingleThreadEventExecutor$4.run(SingleThreadEventExecutor.java:997) ~[netty-common-4.1.96.Final.jar:4.1.96.Final]
	at io.netty.util.internal.ThreadExecutorMap$2.run(ThreadExecutorMap.java:74) ~[netty-common-4.1.96.Final.jar:4.1.96.Final]
	at io.netty.util.concurrent.FastThreadLocalRunnable.run(FastThreadLocalRunnable.java:30) ~[netty-common-4.1.96.Final.jar:4.1.96.Final]
	at java.base/java.lang.Thread.run(Thread.java:1583) [?:?]
2024-11-13 17:08:34 INFO  BaseTest:139 - WebDriver instance closed.
2024-11-13 19:32:43 INFO  Utils:112 - [TestNG] Running:
  D:\javaseason\JenkinsTest\Master.xml

2024-11-13 19:32:43 INFO  BaseTest:90 - Setting up local WebDriver for browser: chrome
2024-11-13 19:32:46 INFO  BaseTest:105 - Local WebDriver initialized successfully.
2024-11-13 19:32:48 INFO  BaseTest:118 - Navigated to the application URL successfully.
2024-11-13 19:32:49 INFO  LoginTest:31 - Attempting to log in with username: reyaz0806 and password: reyaz123
2024-11-13 19:32:51 INFO  LoginTest:44 - Login successful for user: reyaz0806
2024-11-13 19:32:52 INFO  LoginTest:60 - Logout successful, returned to expected title: Adactin.com - Logout
2024-11-13 19:32:52 WARN  WebSocketHandler:142 - onError
java.net.SocketException: Connection reset
	at java.base/sun.nio.ch.SocketChannelImpl.throwConnectionReset(SocketChannelImpl.java:401) ~[?:?]
	at java.base/sun.nio.ch.SocketChannelImpl.read(SocketChannelImpl.java:434) ~[?:?]
	at io.netty.buffer.PooledByteBuf.setBytes(PooledByteBuf.java:254) ~[netty-buffer-4.1.96.Final.jar:4.1.96.Final]
	at io.netty.buffer.AbstractByteBuf.writeBytes(AbstractByteBuf.java:1132) ~[netty-buffer-4.1.96.Final.jar:4.1.96.Final]
	at io.netty.channel.socket.nio.NioSocketChannel.doReadBytes(NioSocketChannel.java:357) ~[netty-transport-4.1.96.Final.jar:4.1.96.Final]
	at io.netty.channel.nio.AbstractNioByteChannel$NioByteUnsafe.read(AbstractNioByteChannel.java:151) ~[netty-transport-4.1.96.Final.jar:4.1.96.Final]
	at io.netty.channel.nio.NioEventLoop.processSelectedKey(NioEventLoop.java:788) ~[netty-transport-4.1.96.Final.jar:4.1.96.Final]
	at io.netty.channel.nio.NioEventLoop.processSelectedKeysOptimized(NioEventLoop.java:724) ~[netty-transport-4.1.96.Final.jar:4.1.96.Final]
	at io.netty.channel.nio.NioEventLoop.processSelectedKeys(NioEventLoop.java:650) ~[netty-transport-4.1.96.Final.jar:4.1.96.Final]
	at io.netty.channel.nio.NioEventLoop.run(NioEventLoop.java:562) ~[netty-transport-4.1.96.Final.jar:4.1.96.Final]
	at io.netty.util.concurrent.SingleThreadEventExecutor$4.run(SingleThreadEventExecutor.java:997) ~[netty-common-4.1.96.Final.jar:4.1.96.Final]
	at io.netty.util.internal.ThreadExecutorMap$2.run(ThreadExecutorMap.java:74) ~[netty-common-4.1.96.Final.jar:4.1.96.Final]
	at io.netty.util.concurrent.FastThreadLocalRunnable.run(FastThreadLocalRunnable.java:30) ~[netty-common-4.1.96.Final.jar:4.1.96.Final]
	at java.base/java.lang.Thread.run(Thread.java:1583) [?:?]
2024-11-13 19:32:52 INFO  BaseTest:139 - WebDriver instance closed.
